[1.035s] Invoking command in '/home/dakshesh/ros2_ws/src/arm_ik': PYTHONPATH=/home/dakshesh/ros2_ws/src/arm_ik/build/arm_ik/prefix_override:/usr/lib/python3/dist-packages/colcon_core/task/python/colcon_distutils_commands:/home/dakshesh/ros2_ws/src/arm_ik/install/arm_ik/lib/python3.10/site-packages:${PYTHONPATH} /usr/bin/python3 -W ignore:setup.py install is deprecated -W ignore:easy_install command is deprecated setup.py egg_info --egg-base build/arm_ik build --build-base /home/dakshesh/ros2_ws/src/arm_ik/build/arm_ik/build install --record /home/dakshesh/ros2_ws/src/arm_ik/build/arm_ik/install.log --single-version-externally-managed install_data
[1.428s] running egg_info
[1.429s] writing build/arm_ik/arm_ik.egg-info/PKG-INFO
[1.430s] writing dependency_links to build/arm_ik/arm_ik.egg-info/dependency_links.txt
[1.431s] writing entry points to build/arm_ik/arm_ik.egg-info/entry_points.txt
[1.431s] writing requirements to build/arm_ik/arm_ik.egg-info/requires.txt
[1.431s] writing top-level names to build/arm_ik/arm_ik.egg-info/top_level.txt
[1.434s] reading manifest file 'build/arm_ik/arm_ik.egg-info/SOURCES.txt'
[1.436s] writing manifest file 'build/arm_ik/arm_ik.egg-info/SOURCES.txt'
[1.436s] running build
[1.437s] running build_py
[1.437s] running install
[1.438s] running install_lib
[1.440s] running install_data
[1.440s] copying srv/ComputeIK.srv -> /home/dakshesh/ros2_ws/src/arm_ik/install/arm_ik/share/arm_ik/srv
[1.440s] running install_egg_info
[1.444s] removing '/home/dakshesh/ros2_ws/src/arm_ik/install/arm_ik/lib/python3.10/site-packages/arm_ik-0.0.0-py3.10.egg-info' (and everything under it)
[1.444s] Copying build/arm_ik/arm_ik.egg-info to /home/dakshesh/ros2_ws/src/arm_ik/install/arm_ik/lib/python3.10/site-packages/arm_ik-0.0.0-py3.10.egg-info
[1.446s] running install_scripts
[1.479s] writing list of installed files to '/home/dakshesh/ros2_ws/src/arm_ik/build/arm_ik/install.log'
[1.514s] Invoked command in '/home/dakshesh/ros2_ws/src/arm_ik' returned '0': PYTHONPATH=/home/dakshesh/ros2_ws/src/arm_ik/build/arm_ik/prefix_override:/usr/lib/python3/dist-packages/colcon_core/task/python/colcon_distutils_commands:/home/dakshesh/ros2_ws/src/arm_ik/install/arm_ik/lib/python3.10/site-packages:${PYTHONPATH} /usr/bin/python3 -W ignore:setup.py install is deprecated -W ignore:easy_install command is deprecated setup.py egg_info --egg-base build/arm_ik build --build-base /home/dakshesh/ros2_ws/src/arm_ik/build/arm_ik/build install --record /home/dakshesh/ros2_ws/src/arm_ik/build/arm_ik/install.log --single-version-externally-managed install_data
