running egg_info
creating build/arm_ik/arm_ik.egg-info
writing build/arm_ik/arm_ik.egg-info/PKG-INFO
writing dependency_links to build/arm_ik/arm_ik.egg-info/dependency_links.txt
writing entry points to build/arm_ik/arm_ik.egg-info/entry_points.txt
writing requirements to build/arm_ik/arm_ik.egg-info/requires.txt
writing top-level names to build/arm_ik/arm_ik.egg-info/top_level.txt
writing manifest file 'build/arm_ik/arm_ik.egg-info/SOURCES.txt'
reading manifest file 'build/arm_ik/arm_ik.egg-info/SOURCES.txt'
writing manifest file 'build/arm_ik/arm_ik.egg-info/SOURCES.txt'
running build
running build_py
creating /home/dakshesh/ros2_ws/src/arm_ik/build/arm_ik/build
creating /home/dakshesh/ros2_ws/src/arm_ik/build/arm_ik/build/lib
creating /home/dakshesh/ros2_ws/src/arm_ik/build/arm_ik/build/lib/arm_ik
copying arm_ik/__init__.py -> /home/dakshesh/ros2_ws/src/arm_ik/build/arm_ik/build/lib/arm_ik
running install
running install_lib
creating /home/dakshesh/ros2_ws/src/arm_ik/install/arm_ik/lib/python3.10/site-packages/arm_ik
copying /home/dakshesh/ros2_ws/src/arm_ik/build/arm_ik/build/lib/arm_ik/__init__.py -> /home/dakshesh/ros2_ws/src/arm_ik/install/arm_ik/lib/python3.10/site-packages/arm_ik
byte-compiling /home/dakshesh/ros2_ws/src/arm_ik/install/arm_ik/lib/python3.10/site-packages/arm_ik/__init__.py to __init__.cpython-310.pyc
running install_data
creating /home/dakshesh/ros2_ws/src/arm_ik/install/arm_ik/share/ament_index
creating /home/dakshesh/ros2_ws/src/arm_ik/install/arm_ik/share/ament_index/resource_index
creating /home/dakshesh/ros2_ws/src/arm_ik/install/arm_ik/share/ament_index/resource_index/packages
copying resource/arm_ik -> /home/dakshesh/ros2_ws/src/arm_ik/install/arm_ik/share/ament_index/resource_index/packages
copying package.xml -> /home/dakshesh/ros2_ws/src/arm_ik/install/arm_ik/share/arm_ik
creating /home/dakshesh/ros2_ws/src/arm_ik/install/arm_ik/share/arm_ik/srv
copying srv/ComputeIK.srv -> /home/dakshesh/ros2_ws/src/arm_ik/install/arm_ik/share/arm_ik/srv
running install_egg_info
Copying build/arm_ik/arm_ik.egg-info to /home/dakshesh/ros2_ws/src/arm_ik/install/arm_ik/lib/python3.10/site-packages/arm_ik-0.0.0-py3.10.egg-info
running install_scripts
writing list of installed files to '/home/dakshesh/ros2_ws/src/arm_ik/build/arm_ik/install.log'
