[1.037s] Invoking command in '/home/dakshesh/ros2_ws/src/arm_ik': PYTHONPATH=/home/dakshesh/ros2_ws/src/arm_ik/build/arm_ik/prefix_override:/usr/lib/python3/dist-packages/colcon_core/task/python/colcon_distutils_commands:/home/dakshesh/ros2_ws/src/arm_ik/install/arm_ik/lib/python3.10/site-packages:${PYTHONPATH} /usr/bin/python3 -W ignore:setup.py install is deprecated -W ignore:easy_install command is deprecated setup.py egg_info --egg-base build/arm_ik build --build-base /home/dakshesh/ros2_ws/src/arm_ik/build/arm_ik/build install --record /home/dakshesh/ros2_ws/src/arm_ik/build/arm_ik/install.log --single-version-externally-managed install_data
[1.425s] running egg_info
[1.426s] creating build/arm_ik/arm_ik.egg-info
[1.426s] writing build/arm_ik/arm_ik.egg-info/PKG-INFO
[1.427s] writing dependency_links to build/arm_ik/arm_ik.egg-info/dependency_links.txt
[1.427s] writing entry points to build/arm_ik/arm_ik.egg-info/entry_points.txt
[1.428s] writing requirements to build/arm_ik/arm_ik.egg-info/requires.txt
[1.428s] writing top-level names to build/arm_ik/arm_ik.egg-info/top_level.txt
[1.428s] writing manifest file 'build/arm_ik/arm_ik.egg-info/SOURCES.txt'
[1.431s] reading manifest file 'build/arm_ik/arm_ik.egg-info/SOURCES.txt'
[1.433s] writing manifest file 'build/arm_ik/arm_ik.egg-info/SOURCES.txt'
[1.433s] running build
[1.433s] running build_py
[1.434s] creating /home/dakshesh/ros2_ws/src/arm_ik/build/arm_ik/build
[1.434s] creating /home/dakshesh/ros2_ws/src/arm_ik/build/arm_ik/build/lib
[1.434s] creating /home/dakshesh/ros2_ws/src/arm_ik/build/arm_ik/build/lib/arm_ik
[1.434s] copying arm_ik/__init__.py -> /home/dakshesh/ros2_ws/src/arm_ik/build/arm_ik/build/lib/arm_ik
[1.434s] running install
[1.435s] running install_lib
[1.436s] creating /home/dakshesh/ros2_ws/src/arm_ik/install/arm_ik/lib/python3.10/site-packages/arm_ik
[1.436s] copying /home/dakshesh/ros2_ws/src/arm_ik/build/arm_ik/build/lib/arm_ik/__init__.py -> /home/dakshesh/ros2_ws/src/arm_ik/install/arm_ik/lib/python3.10/site-packages/arm_ik
[1.437s] byte-compiling /home/dakshesh/ros2_ws/src/arm_ik/install/arm_ik/lib/python3.10/site-packages/arm_ik/__init__.py to __init__.cpython-310.pyc
[1.438s] running install_data
[1.438s] creating /home/dakshesh/ros2_ws/src/arm_ik/install/arm_ik/share/ament_index
[1.438s] creating /home/dakshesh/ros2_ws/src/arm_ik/install/arm_ik/share/ament_index/resource_index
[1.438s] creating /home/dakshesh/ros2_ws/src/arm_ik/install/arm_ik/share/ament_index/resource_index/packages
[1.438s] copying resource/arm_ik -> /home/dakshesh/ros2_ws/src/arm_ik/install/arm_ik/share/ament_index/resource_index/packages
[1.439s] copying package.xml -> /home/dakshesh/ros2_ws/src/arm_ik/install/arm_ik/share/arm_ik
[1.439s] creating /home/dakshesh/ros2_ws/src/arm_ik/install/arm_ik/share/arm_ik/srv
[1.439s] copying srv/ComputeIK.srv -> /home/dakshesh/ros2_ws/src/arm_ik/install/arm_ik/share/arm_ik/srv
[1.439s] running install_egg_info
[1.442s] Copying build/arm_ik/arm_ik.egg-info to /home/dakshesh/ros2_ws/src/arm_ik/install/arm_ik/lib/python3.10/site-packages/arm_ik-0.0.0-py3.10.egg-info
[1.444s] running install_scripts
[1.476s] writing list of installed files to '/home/dakshesh/ros2_ws/src/arm_ik/build/arm_ik/install.log'
[1.511s] Invoked command in '/home/dakshesh/ros2_ws/src/arm_ik' returned '0': PYTHONPATH=/home/dakshesh/ros2_ws/src/arm_ik/build/arm_ik/prefix_override:/usr/lib/python3/dist-packages/colcon_core/task/python/colcon_distutils_commands:/home/dakshesh/ros2_ws/src/arm_ik/install/arm_ik/lib/python3.10/site-packages:${PYTHONPATH} /usr/bin/python3 -W ignore:setup.py install is deprecated -W ignore:easy_install command is deprecated setup.py egg_info --egg-base build/arm_ik build --build-base /home/dakshesh/ros2_ws/src/arm_ik/build/arm_ik/build install --record /home/dakshesh/ros2_ws/src/arm_ik/build/arm_ik/install.log --single-version-externally-managed install_data
