[0.173s] DEBUG:colcon:Command line arguments: ['/usr/bin/colcon', 'build']
[0.173s] DEBUG:colcon:Parsed command line arguments: Namespace(log_base=None, log_level=None, verb_name='build', build_base='build', install_base='install', merge_install=False, symlink_install=False, test_result_base=None, continue_on_error=False, executor='parallel', parallel_workers=4, event_handlers=None, ignore_user_meta=False, metas=['./colcon.meta'], base_paths=['.'], packages_ignore=None, packages_ignore_regex=None, paths=None, packages_up_to=None, packages_up_to_regex=None, packages_above=None, packages_above_and_dependencies=None, packages_above_depth=None, packages_select_by_dep=None, packages_skip_by_dep=None, packages_skip_up_to=None, packages_select_build_failed=False, packages_skip_build_finished=False, packages_select_test_failures=False, packages_skip_test_passed=False, packages_select=None, packages_skip=None, packages_select_regex=None, packages_skip_regex=None, packages_start=None, packages_end=None, allow_overriding=[], cmake_args=None, cmake_target=None, cmake_target_skip_unavailable=False, cmake_clean_cache=False, cmake_clean_first=False, cmake_force_configure=False, ament_cmake_args=None, catkin_cmake_args=None, catkin_skip_building_tests=False, verb_parser=<colcon_defaults.argument_parser.defaults.DefaultArgumentsDecorator object at 0x75f8a772fdc0>, verb_extension=<colcon_core.verb.build.BuildVerb object at 0x75f8a7871270>, main=<bound method BuildVerb.main of <colcon_core.verb.build.BuildVerb object at 0x75f8a7871270>>)
[0.443s] Level 1:colcon.colcon_core.package_discovery:discover_packages(colcon_meta) check parameters
[0.443s] Level 1:colcon.colcon_core.package_discovery:discover_packages(recursive) check parameters
[0.443s] Level 1:colcon.colcon_core.package_discovery:discover_packages(ignore) check parameters
[0.443s] Level 1:colcon.colcon_core.package_discovery:discover_packages(path) check parameters
[0.443s] Level 1:colcon.colcon_core.package_discovery:discover_packages(colcon_meta) discover
[0.443s] Level 1:colcon.colcon_core.package_discovery:discover_packages(recursive) discover
[0.443s] INFO:colcon.colcon_core.package_discovery:Crawling recursively for packages in '/home/dakshesh/ros2_ws/src/arm_ik'
[0.443s] Level 1:colcon.colcon_core.package_identification:_identify(.) by extensions ['ignore', 'ignore_ament_install']
[0.443s] Level 1:colcon.colcon_core.package_identification:_identify(.) by extension 'ignore'
[0.443s] Level 1:colcon.colcon_core.package_identification:_identify(.) by extension 'ignore_ament_install'
[0.444s] Level 1:colcon.colcon_core.package_identification:_identify(.) by extensions ['colcon_pkg']
[0.444s] Level 1:colcon.colcon_core.package_identification:_identify(.) by extension 'colcon_pkg'
[0.444s] Level 1:colcon.colcon_core.package_identification:_identify(.) by extensions ['colcon_meta']
[0.444s] Level 1:colcon.colcon_core.package_identification:_identify(.) by extension 'colcon_meta'
[0.444s] Level 1:colcon.colcon_core.package_identification:_identify(.) by extensions ['ros']
[0.444s] Level 1:colcon.colcon_core.package_identification:_identify(.) by extension 'ros'
[0.466s] DEBUG:colcon.colcon_core.package_identification:Package '.' with type 'ros.ament_python' and name 'arm_ik'
[0.466s] Level 1:colcon.colcon_core.package_discovery:discover_packages(recursive) using defaults
[0.467s] Level 1:colcon.colcon_core.package_discovery:discover_packages(ignore) discover
[0.467s] Level 1:colcon.colcon_core.package_discovery:discover_packages(ignore) using defaults
[0.467s] Level 1:colcon.colcon_core.package_discovery:discover_packages(path) discover
[0.467s] Level 1:colcon.colcon_core.package_discovery:discover_packages(path) using defaults
[0.498s] Level 1:colcon.colcon_core.package_discovery:discover_packages(prefix_path) check parameters
[0.498s] Level 1:colcon.colcon_core.package_discovery:discover_packages(prefix_path) discover
[0.499s] WARNING:colcon.colcon_ros.prefix_path.ament:The path '/home/dakshesh/ros2_ws/install/arm_ik' in the environment variable AMENT_PREFIX_PATH doesn't exist
[0.500s] WARNING:colcon.colcon_ros.prefix_path.catkin:The path '/home/dakshesh/ros2_ws/install/arm_ik' in the environment variable CMAKE_PREFIX_PATH doesn't exist
[0.502s] DEBUG:colcon.colcon_installed_package_information.package_discovery:Found 3 installed packages in /home/dakshesh/ros2_ws/install
[0.504s] DEBUG:colcon.colcon_installed_package_information.package_discovery:Found 355 installed packages in /opt/ros/humble
[0.526s] Level 1:colcon.colcon_core.package_discovery:discover_packages(prefix_path) using defaults
[0.607s] Level 5:colcon.colcon_core.verb:set package 'arm_ik' build argument 'cmake_args' from command line to 'None'
[0.607s] Level 5:colcon.colcon_core.verb:set package 'arm_ik' build argument 'cmake_target' from command line to 'None'
[0.607s] Level 5:colcon.colcon_core.verb:set package 'arm_ik' build argument 'cmake_target_skip_unavailable' from command line to 'False'
[0.607s] Level 5:colcon.colcon_core.verb:set package 'arm_ik' build argument 'cmake_clean_cache' from command line to 'False'
[0.607s] Level 5:colcon.colcon_core.verb:set package 'arm_ik' build argument 'cmake_clean_first' from command line to 'False'
[0.607s] Level 5:colcon.colcon_core.verb:set package 'arm_ik' build argument 'cmake_force_configure' from command line to 'False'
[0.607s] Level 5:colcon.colcon_core.verb:set package 'arm_ik' build argument 'ament_cmake_args' from command line to 'None'
[0.607s] Level 5:colcon.colcon_core.verb:set package 'arm_ik' build argument 'catkin_cmake_args' from command line to 'None'
[0.607s] Level 5:colcon.colcon_core.verb:set package 'arm_ik' build argument 'catkin_skip_building_tests' from command line to 'False'
[0.607s] DEBUG:colcon.colcon_core.verb:Building package 'arm_ik' with the following arguments: {'ament_cmake_args': None, 'build_base': '/home/dakshesh/ros2_ws/src/arm_ik/build/arm_ik', 'catkin_cmake_args': None, 'catkin_skip_building_tests': False, 'cmake_args': None, 'cmake_clean_cache': False, 'cmake_clean_first': False, 'cmake_force_configure': False, 'cmake_target': None, 'cmake_target_skip_unavailable': False, 'install_base': '/home/dakshesh/ros2_ws/src/arm_ik/install/arm_ik', 'merge_install': False, 'path': '/home/dakshesh/ros2_ws/src/arm_ik', 'symlink_install': False, 'test_result_base': None}
[0.608s] INFO:colcon.colcon_core.executor:Executing jobs using 'parallel' executor
[0.609s] DEBUG:colcon.colcon_parallel_executor.executor.parallel:run_until_complete
[0.610s] INFO:colcon.colcon_ros.task.ament_python.build:Building ROS package in '/home/dakshesh/ros2_ws/src/arm_ik' with build type 'ament_python'
[0.610s] Level 1:colcon.colcon_core.shell:create_environment_hook('arm_ik', 'ament_prefix_path')
[0.613s] INFO:colcon.colcon_core.plugin_system:Skipping extension 'colcon_core.shell.bat': Not used on non-Windows systems
[0.613s] INFO:colcon.colcon_core.shell:Creating environment hook '/home/dakshesh/ros2_ws/src/arm_ik/install/arm_ik/share/arm_ik/hook/ament_prefix_path.ps1'
[0.614s] INFO:colcon.colcon_core.shell:Creating environment descriptor '/home/dakshesh/ros2_ws/src/arm_ik/install/arm_ik/share/arm_ik/hook/ament_prefix_path.dsv'
[0.615s] INFO:colcon.colcon_core.shell:Creating environment hook '/home/dakshesh/ros2_ws/src/arm_ik/install/arm_ik/share/arm_ik/hook/ament_prefix_path.sh'
[0.617s] INFO:colcon.colcon_core.shell:Skip shell extension 'powershell' for command environment: Not usable outside of PowerShell
[0.617s] DEBUG:colcon.colcon_core.shell:Skip shell extension 'dsv' for command environment
[1.041s] INFO:colcon.colcon_core.task.python.build:Building Python package in '/home/dakshesh/ros2_ws/src/arm_ik'
[1.042s] INFO:colcon.colcon_core.shell:Skip shell extension 'powershell' for command environment: Not usable outside of PowerShell
[1.042s] DEBUG:colcon.colcon_core.shell:Skip shell extension 'dsv' for command environment
[1.648s] DEBUG:colcon.colcon_core.event_handler.log_command:Invoking command in '/home/dakshesh/ros2_ws/src/arm_ik': PYTHONPATH=/home/dakshesh/ros2_ws/src/arm_ik/build/arm_ik/prefix_override:/usr/lib/python3/dist-packages/colcon_core/task/python/colcon_distutils_commands:/home/dakshesh/ros2_ws/src/arm_ik/install/arm_ik/lib/python3.10/site-packages:${PYTHONPATH} /usr/bin/python3 -W ignore:setup.py install is deprecated -W ignore:easy_install command is deprecated setup.py egg_info --egg-base build/arm_ik build --build-base /home/dakshesh/ros2_ws/src/arm_ik/build/arm_ik/build install --record /home/dakshesh/ros2_ws/src/arm_ik/build/arm_ik/install.log --single-version-externally-managed install_data
[2.122s] DEBUG:colcon.colcon_core.event_handler.log_command:Invoked command in '/home/dakshesh/ros2_ws/src/arm_ik' returned '0': PYTHONPATH=/home/dakshesh/ros2_ws/src/arm_ik/build/arm_ik/prefix_override:/usr/lib/python3/dist-packages/colcon_core/task/python/colcon_distutils_commands:/home/dakshesh/ros2_ws/src/arm_ik/install/arm_ik/lib/python3.10/site-packages:${PYTHONPATH} /usr/bin/python3 -W ignore:setup.py install is deprecated -W ignore:easy_install command is deprecated setup.py egg_info --egg-base build/arm_ik build --build-base /home/dakshesh/ros2_ws/src/arm_ik/build/arm_ik/build install --record /home/dakshesh/ros2_ws/src/arm_ik/build/arm_ik/install.log --single-version-externally-managed install_data
[2.127s] Level 1:colcon.colcon_core.environment:checking '/home/dakshesh/ros2_ws/src/arm_ik/install/arm_ik' for CMake module files
[2.127s] Level 1:colcon.colcon_core.environment:checking '/home/dakshesh/ros2_ws/src/arm_ik/install/arm_ik' for CMake config files
[2.128s] Level 1:colcon.colcon_core.environment:checking '/home/dakshesh/ros2_ws/src/arm_ik/install/arm_ik/lib'
[2.129s] Level 1:colcon.colcon_core.environment:checking '/home/dakshesh/ros2_ws/src/arm_ik/install/arm_ik/bin'
[2.129s] Level 1:colcon.colcon_core.environment:checking '/home/dakshesh/ros2_ws/src/arm_ik/install/arm_ik/lib/pkgconfig/arm_ik.pc'
[2.129s] Level 1:colcon.colcon_core.environment:checking '/home/dakshesh/ros2_ws/src/arm_ik/install/arm_ik/lib/python3.10/site-packages'
[2.129s] Level 1:colcon.colcon_core.shell:create_environment_hook('arm_ik', 'pythonpath')
[2.129s] INFO:colcon.colcon_core.shell:Creating environment hook '/home/dakshesh/ros2_ws/src/arm_ik/install/arm_ik/share/arm_ik/hook/pythonpath.ps1'
[2.130s] INFO:colcon.colcon_core.shell:Creating environment descriptor '/home/dakshesh/ros2_ws/src/arm_ik/install/arm_ik/share/arm_ik/hook/pythonpath.dsv'
[2.130s] INFO:colcon.colcon_core.shell:Creating environment hook '/home/dakshesh/ros2_ws/src/arm_ik/install/arm_ik/share/arm_ik/hook/pythonpath.sh'
[2.131s] Level 1:colcon.colcon_core.environment:checking '/home/dakshesh/ros2_ws/src/arm_ik/install/arm_ik/bin'
[2.132s] Level 1:colcon.colcon_core.environment:create_environment_scripts_only(arm_ik)
[2.132s] INFO:colcon.colcon_core.shell:Creating package script '/home/dakshesh/ros2_ws/src/arm_ik/install/arm_ik/share/arm_ik/package.ps1'
[2.133s] INFO:colcon.colcon_core.shell:Creating package descriptor '/home/dakshesh/ros2_ws/src/arm_ik/install/arm_ik/share/arm_ik/package.dsv'
[2.134s] INFO:colcon.colcon_core.shell:Creating package script '/home/dakshesh/ros2_ws/src/arm_ik/install/arm_ik/share/arm_ik/package.sh'
[2.136s] INFO:colcon.colcon_core.shell:Creating package script '/home/dakshesh/ros2_ws/src/arm_ik/install/arm_ik/share/arm_ik/package.bash'
[2.139s] INFO:colcon.colcon_core.shell:Creating package script '/home/dakshesh/ros2_ws/src/arm_ik/install/arm_ik/share/arm_ik/package.zsh'
[2.140s] Level 1:colcon.colcon_core.environment:create_file_with_runtime_dependencies(/home/dakshesh/ros2_ws/src/arm_ik/install/arm_ik/share/colcon-core/packages/arm_ik)
[2.141s] DEBUG:colcon.colcon_parallel_executor.executor.parallel:closing loop
[2.141s] DEBUG:colcon.colcon_parallel_executor.executor.parallel:loop closed
[2.142s] DEBUG:colcon.colcon_parallel_executor.executor.parallel:run_until_complete finished with '0'
[2.142s] DEBUG:colcon.colcon_core.event_reactor:joining thread
[2.151s] INFO:colcon.colcon_core.plugin_system:Skipping extension 'colcon_notification.desktop_notification.notify_send': Could not find 'notify-send'
[2.151s] INFO:colcon.colcon_core.plugin_system:Skipping extension 'colcon_notification.desktop_notification.terminal_notifier': Not used on non-Darwin systems
[2.151s] INFO:colcon.colcon_core.plugin_system:Skipping extension 'colcon_notification.desktop_notification.win32': Not used on non-Windows systems
[2.151s] INFO:colcon.colcon_notification.desktop_notification:Sending desktop notification using 'notify2'
[2.157s] DEBUG:colcon.colcon_core.event_reactor:joined thread
[2.157s] INFO:colcon.colcon_core.shell:Creating prefix script '/home/dakshesh/ros2_ws/src/arm_ik/install/local_setup.ps1'
[2.160s] INFO:colcon.colcon_core.shell:Creating prefix util module '/home/dakshesh/ros2_ws/src/arm_ik/install/_local_setup_util_ps1.py'
[2.165s] INFO:colcon.colcon_core.shell:Creating prefix chain script '/home/dakshesh/ros2_ws/src/arm_ik/install/setup.ps1'
[2.168s] INFO:colcon.colcon_core.shell:Creating prefix script '/home/dakshesh/ros2_ws/src/arm_ik/install/local_setup.sh'
[2.170s] INFO:colcon.colcon_core.shell:Creating prefix util module '/home/dakshesh/ros2_ws/src/arm_ik/install/_local_setup_util_sh.py'
[2.171s] INFO:colcon.colcon_core.shell:Creating prefix chain script '/home/dakshesh/ros2_ws/src/arm_ik/install/setup.sh'
[2.174s] INFO:colcon.colcon_core.shell:Creating prefix script '/home/dakshesh/ros2_ws/src/arm_ik/install/local_setup.bash'
[2.175s] INFO:colcon.colcon_core.shell:Creating prefix chain script '/home/dakshesh/ros2_ws/src/arm_ik/install/setup.bash'
[2.176s] INFO:colcon.colcon_core.shell:Creating prefix script '/home/dakshesh/ros2_ws/src/arm_ik/install/local_setup.zsh'
[2.177s] INFO:colcon.colcon_core.shell:Creating prefix chain script '/home/dakshesh/ros2_ws/src/arm_ik/install/setup.zsh'
